[     675ms] [WARNING] [@tanstack/router-devtools] This package has moved to @tanstack/react-router-devtools. Please switch to the new package at your earliest convenience, as this package will be dropped in the next major version release. @ http://localhost:5574/node_modules/.vite/deps/@tanstack_router-devtools.js?v=c9daf9c3:134
[     795ms] [ERROR] Query data cannot be undefined. Please make sure to return a value other than undefined from your query function. Affected query key: ["ontology","concepts",{"frameworkId":"data-centric"}] @ http://localhost:5574/node_modules/.vite/deps/@tanstack_react-query.js?v=c9daf9c3:1137
[     797ms] [ERROR] Query data cannot be undefined. Please make sure to return a value other than undefined from your query function. Affected query key: ["ontology","concepts",{"frameworkId":"cisa-ztmm"}] @ http://localhost:5574/node_modules/.vite/deps/@tanstack_react-query.js?v=c9daf9c3:1137
[     798ms] [ERROR] Query data cannot be undefined. Please make sure to return a value other than undefined from your query function. Affected query key: ["ontology","concepts",{"frameworkId":"dora"}] @ http://localhost:5574/node_modules/.vite/deps/@tanstack_react-query.js?v=c9daf9c3:1137
[     798ms] [ERROR] Query data cannot be undefined. Please make sure to return a value other than undefined from your query function. Affected query key: ["ontology","concepts",{"frameworkId":"cer-directive"}] @ http://localhost:5574/node_modules/.vite/deps/@tanstack_react-query.js?v=c9daf9c3:1137
[     798ms] [ERROR] Query data cannot be undefined. Please make sure to return a value other than undefined from your query function. Affected query key: ["ontology","concepts",{"frameworkId":"eu-ai-act"}] @ http://localhost:5574/node_modules/.vite/deps/@tanstack_react-query.js?v=c9daf9c3:1137
[     802ms] [ERROR] Query data cannot be undefined. Please make sure to return a value other than undefined from your query function. Affected query key: ["ontology","concepts",{"frameworkId":"fmn"}] @ http://localhost:5574/node_modules/.vite/deps/@tanstack_react-query.js?v=c9daf9c3:1137
[     804ms] [ERROR] Query data cannot be undefined. Please make sure to return a value other than undefined from your query function. Affected query key: ["ontology","concepts",{"frameworkId":"xai-dataops"}] @ http://localhost:5574/node_modules/.vite/deps/@tanstack_react-query.js?v=c9daf9c3:1137
[     806ms] [ERROR] Query data cannot be undefined. Please make sure to return a value other than undefined from your query function. Affected query key: ["ontology","concepts",{"frameworkId":"iso31000"}] @ http://localhost:5574/node_modules/.vite/deps/@tanstack_react-query.js?v=c9daf9c3:1137
[     807ms] [ERROR] Query data cannot be undefined. Please make sure to return a value other than undefined from your query function. Affected query key: ["ontology","concepts",{"frameworkId":"google-saif"}] @ http://localhost:5574/node_modules/.vite/deps/@tanstack_react-query.js?v=c9daf9c3:1137
[     809ms] [ERROR] Query data cannot be undefined. Please make sure to return a value other than undefined from your query function. Affected query key: ["ontology","concepts",{"frameworkId":"iso31010"}] @ http://localhost:5574/node_modules/.vite/deps/@tanstack_react-query.js?v=c9daf9c3:1137
[     810ms] [ERROR] Query data cannot be undefined. Please make sure to return a value other than undefined from your query function. Affected query key: ["ontology","concepts",{"frameworkId":"iso9000"}] @ http://localhost:5574/node_modules/.vite/deps/@tanstack_react-query.js?v=c9daf9c3:1137
[     819ms] [ERROR] Query data cannot be undefined. Please make sure to return a value other than undefined from your query function. Affected query key: ["ontology","concepts",{"frameworkId":"gdpr"}] @ http://localhost:5574/node_modules/.vite/deps/@tanstack_react-query.js?v=c9daf9c3:1137
[     820ms] [ERROR] Query data cannot be undefined. Please make sure to return a value other than undefined from your query function. Affected query key: ["ontology","concepts",{"frameworkId":"iso23894"}] @ http://localhost:5574/node_modules/.vite/deps/@tanstack_react-query.js?v=c9daf9c3:1137
[     827ms] [ERROR] Query data cannot be undefined. Please make sure to return a value other than undefined from your query function. Affected query key: ["ontology","concepts",{"frameworkId":"iso42005"}] @ http://localhost:5574/node_modules/.vite/deps/@tanstack_react-query.js?v=c9daf9c3:1137
[     827ms] [ERROR] Query data cannot be undefined. Please make sure to return a value other than undefined from your query function. Affected query key: ["ontology","concepts",{"frameworkId":"mitre-atlas"}] @ http://localhost:5574/node_modules/.vite/deps/@tanstack_react-query.js?v=c9daf9c3:1137
[     830ms] [ERROR] Query data cannot be undefined. Please make sure to return a value other than undefined from your query function. Affected query key: ["ontology","concepts",{"frameworkId":"nist-ai-genai"}] @ http://localhost:5574/node_modules/.vite/deps/@tanstack_react-query.js?v=c9daf9c3:1137
[     830ms] [ERROR] Query data cannot be undefined. Please make sure to return a value other than undefined from your query function. Affected query key: ["ontology","concepts",{"frameworkId":"iso27000"}] @ http://localhost:5574/node_modules/.vite/deps/@tanstack_react-query.js?v=c9daf9c3:1137
[     831ms] [ERROR] Query data cannot be undefined. Please make sure to return a value other than undefined from your query function. Affected query key: ["ontology","concepts",{"frameworkId":"iso42001"}] @ http://localhost:5574/node_modules/.vite/deps/@tanstack_react-query.js?v=c9daf9c3:1137
[     832ms] [ERROR] Query data cannot be undefined. Please make sure to return a value other than undefined from your query function. Affected query key: ["ontology","concepts",{"frameworkId":"nis2"}] @ http://localhost:5574/node_modules/.vite/deps/@tanstack_react-query.js?v=c9daf9c3:1137
[     863ms] [ERROR] Query data cannot be undefined. Please make sure to return a value other than undefined from your query function. Affected query key: ["ontology","concepts",{"frameworkId":"nist-csf"}] @ http://localhost:5574/node_modules/.vite/deps/@tanstack_react-query.js?v=c9daf9c3:1137
[     864ms] [ERROR] Query data cannot be undefined. Please make sure to return a value other than undefined from your query function. Affected query key: ["ontology","concepts",{"frameworkId":"zero-trust"}] @ http://localhost:5574/node_modules/.vite/deps/@tanstack_react-query.js?v=c9daf9c3:1137
[     864ms] [ERROR] Query data cannot be undefined. Please make sure to return a value other than undefined from your query function. Affected query key: ["ontology","concepts",{"frameworkId":"nist-rmf"}] @ http://localhost:5574/node_modules/.vite/deps/@tanstack_react-query.js?v=c9daf9c3:1137
[     864ms] [ERROR] Query data cannot be undefined. Please make sure to return a value other than undefined from your query function. Affected query key: ["ontology","concepts",{"frameworkId":"nist-ai-rmf"}] @ http://localhost:5574/node_modules/.vite/deps/@tanstack_react-query.js?v=c9daf9c3:1137
[     884ms] [ERROR] Query data cannot be undefined. Please make sure to return a value other than undefined from your query function. Affected query key: ["ontology","concepts",{"frameworkId":"nist-800-53"}] @ http://localhost:5574/node_modules/.vite/deps/@tanstack_react-query.js?v=c9daf9c3:1137
[   54358ms] [ERROR] Query data cannot be undefined. Please make sure to return a value other than undefined from your query function. Affected query key: ["ontology","concepts",{"frameworkId":"zero-trust"}] @ http://localhost:5574/node_modules/.vite/deps/@tanstack_react-query.js?v=c9daf9c3:1137
[   63574ms] [ERROR] Query data cannot be undefined. Please make sure to return a value other than undefined from your query function. Affected query key: ["ontology","concepts",{"frameworkId":"cer-directive"}] @ http://localhost:5574/node_modules/.vite/deps/@tanstack_react-query.js?v=c9daf9c3:1137
[  177700ms] [WARNING] [@tanstack/router-devtools] This package has moved to @tanstack/react-router-devtools. Please switch to the new package at your earliest convenience, as this package will be dropped in the next major version release. @ http://localhost:5574/node_modules/.vite/deps/@tanstack_router-devtools.js?v=c9daf9c3:134
[  189320ms] [WARNING] [@tanstack/router-devtools] This package has moved to @tanstack/react-router-devtools. Please switch to the new package at your earliest convenience, as this package will be dropped in the next major version release. @ http://localhost:5574/node_modules/.vite/deps/@tanstack_router-devtools.js?v=c9daf9c3:134
